1570238603.8215919  21:23:23.821591    2.0E-05    1.8E-05
1570242871.2297425  22:34:31.229742    1.9E-05    1.8E-05
22:54:14.394317    1.9E-05    1.7E-05
09:55:00.684981    1.7E-05    1.6E-05
2019-10-05T10:22:07   1.7E-05    1.6E-05
2019-10-05T12:52:56   1.7E-05    1.5E-05
2019-10-05T13:51:01   1.6E-05    1.5E-05
2019-10-05T14:30:37   1.5E-05    1.5E-05
2019-10-05T16:35:34   1.5E-05    1.4E-05
2019-10-05T18:45:50   1.5E-05    1.4E-05
2019-10-05T20:56:06   1.5E-05    1.3E-05
2019-10-05T22:13   1.5E-05    1.3E-05
2019-10-06T00:45   1.5E-05    1.3E-05
2019-10-06T03:00   1.4E-05    1.3E-05
2019-10-06T05:16   1.4E-05    1.3E-05
2019-10-06T07:31   1.5E-05    1.3E-05
2019-10-06T09:46   1.4E-05    1.2E-05
2019-10-06T12:01   1.4E-05    1.2E-05
2019-10-06T14:17   1.4E-05    1.2E-05
2019-10-06T16:32   1.4E-05    1.2E-05
2019-10-06T18:47   1.4E-05    1.2E-05
2019-10-06T21:03   1.4E-05    1.2E-05
2019-10-06T23:18   1.4E-05    1.2E-05
2019-10-07T01:33   1.3E-05    1.2E-05
2019-10-07T03:48   1.3E-05    1.1E-05
2019-10-07T06:04   1.3E-05    1.1E-05
2019-10-07T08:19   1.3E-05    1.1E-05
2019-10-07T10:34   1.2E-05    1.1E-05
2019-10-07T12:49   1.3E-05    1.1E-05
-----turn valve off-------
2019-10-07T18:41   8.5E-07    3.5E-06
2019-10-07T18:42   8.7E-07    3.5E-06
2019-10-07T18:52   1.1E-06    3.9E-06
2019-10-07T19:02   1.3E-06    4.4E-06
2019-10-07T19:12   1.7E-06    5.3E-06
2019-10-07T19:22   2.1E-06    6.4E-06
2019-10-07T19:32   2.6E-06    7.7E-06
2019-10-07T19:42   3.1E-06    8.7E-06
2019-10-07T19:52   3.7E-06    9.6E-06
2019-10-07T20:03   4.5E-06    1.0E-05
2019-10-07T20:13   5.2E-06    1.0E-05
2019-10-07T20:23   5.8E-06    1.1E-05
2019-10-07T20:33   6.4E-06    1.1E-05
2019-10-07T20:43   6.9E-06    1.1E-05
2019-10-07T20:53   7.3E-06    1.1E-05
2019-10-07T21:03   7.7E-06    1.1E-05
2019-10-07T21:13   8.1E-06    1.1E-05
2019-10-07T21:23   8.4E-06    1.1E-05
2019-10-07T21:33   8.7E-06    1.2E-05
2019-10-07T21:44   9.0E-06    1.2E-05
2019-10-07T21:54   9.2E-06    1.2E-05
2019-10-07T22:04   9.4E-06    1.2E-05
2019-10-07T22:14   9.6E-06    1.2E-05
2019-10-07T22:24   9.8E-06    1.2E-05
2019-10-07T22:34   9.9E-06    1.2E-05
2019-10-07T22:44   1.0E-05    1.2E-05
2019-10-07T22:54   1.0E-05    1.2E-05
2019-10-07T23:04   1.0E-05    1.2E-05
2019-10-07T23:14   1.0E-05    1.2E-05
2019-10-07T23:25   1.1E-05    1.2E-05
2019-10-07T23:35   1.1E-05    1.2E-05
2019-10-07T23:45   1.1E-05    1.2E-05
2019-10-07T23:55   1.1E-05    1.2E-05
2019-10-08T00:05   1.1E-05    1.2E-05
2019-10-08T00:15   1.1E-05    1.2E-05
2019-10-08T00:25   1.1E-05    1.2E-05
2019-10-08T00:35   1.1E-05    1.2E-05
2019-10-08T00:45   1.1E-05    1.2E-05
2019-10-08T00:55   1.1E-05    1.2E-05
2019-10-08T01:05   1.1E-05    1.2E-05
2019-10-08T01:16   1.1E-05    1.2E-05
2019-10-08T01:26   1.1E-05    1.2E-05
2019-10-08T01:36   1.1E-05    1.2E-05
2019-10-08T01:46   1.1E-05    1.2E-05
2019-10-08T01:56   1.1E-05    1.2E-05
2019-10-08T02:06   1.1E-05    1.2E-05
2019-10-08T02:16   1.1E-05    1.2E-05
2019-10-08T02:26   1.1E-05    1.2E-05
2019-10-08T02:36   1.1E-05    1.2E-05
2019-10-08T02:46   1.1E-05    1.2E-05
2019-10-08T02:57   1.1E-05    1.2E-05
2019-10-08T03:07   1.1E-05    1.2E-05
2019-10-08T03:17   1.1E-05    1.2E-05
2019-10-08T03:27   1.1E-05    1.2E-05
2019-10-08T03:37   1.1E-05    1.2E-05
2019-10-08T03:47   1.1E-05    1.2E-05
2019-10-08T03:57   1.1E-05    1.2E-05
2019-10-08T04:07   1.1E-05    1.2E-05
2019-10-08T04:17   1.1E-05    1.2E-05
2019-10-08T04:27   1.1E-05    1.2E-05
2019-10-08T04:38   1.1E-05    1.2E-05
2019-10-08T04:48   1.1E-05    1.2E-05
2019-10-08T04:58   1.1E-05    1.1E-05
2019-10-08T05:08   1.1E-05    1.1E-05
2019-10-08T05:18   1.1E-05    1.1E-05
2019-10-08T05:28   1.1E-05    1.1E-05
2019-10-08T05:38   1.1E-05    1.1E-05
2019-10-08T05:48   1.1E-05    1.1E-05
2019-10-08T05:58   1.1E-05    1.1E-05
2019-10-08T06:08   1.1E-05    1.1E-05
2019-10-08T06:19   1.1E-05    1.1E-05
2019-10-08T06:29   1.1E-05    1.1E-05
2019-10-08T06:39   1.1E-05    1.1E-05
2019-10-08T06:49   1.1E-05    1.1E-05
2019-10-08T06:59   1.1E-05    1.1E-05
2019-10-08T07:09   1.1E-05    1.1E-05
2019-10-08T07:19   1.1E-05    1.1E-05
2019-10-08T07:29   1.1E-05    1.1E-05
2019-10-08T07:39   1.1E-05    1.1E-05
2019-10-08T07:49   1.1E-05    1.1E-05
2019-10-08T08:00   1.1E-05    1.1E-05
2019-10-08T08:10   1.1E-05    1.1E-05
2019-10-08T08:20   1.1E-05    1.1E-05
2019-10-08T08:30   1.1E-05    1.1E-05
2019-10-08T08:40   1.1E-05    1.1E-05
2019-10-08T08:50   1.1E-05    1.1E-05
2019-10-08T09:00   1.1E-05    1.1E-05
2019-10-08T09:10   1.1E-05    1.1E-05
2019-10-08T09:20   1.1E-05    1.1E-05
2019-10-08T09:30   1.1E-05    1.1E-05
2019-10-08T09:41   1.1E-05    1.1E-05
